{
  "RSpec": {
    "coverage": {
      "/Users/Zhen/Dropbox/TAMU/Courses/CSCE606_Software_Engineering/bdd-tdd-cycle/app/controllers/application_controller.rb": [
        1,
        1,
        null
      ],
      "/Users/Zhen/Dropbox/TAMU/Courses/CSCE606_Software_Engineering/bdd-tdd-cycle/app/helpers/application_helper.rb": [
        1,
        null
      ],
      "/Users/Zhen/Dropbox/TAMU/Courses/CSCE606_Software_Engineering/bdd-tdd-cycle/app/helpers/movies_helper.rb": [
        1,
        null,
        1,
        0,
        null,
        null
      ],
      "/Users/Zhen/Dropbox/TAMU/Courses/CSCE606_Software_Engineering/bdd-tdd-cycle/app/controllers/movies_controller.rb": [
        1,
        null,
        1,
        0,
        0,
        null,
        null,
        null,
        1,
        0,
        0,
        null,
        0,
        null,
        0,
        null,
        0,
        0,
        null,
        0,
        0,
        null,
        null,
        0,
        0,
        0,
        0,
        null,
        null,
        0,
        0,
        0,
        0,
        0,
        null,
        0,
        null,
        null,
        1,
        0,
        0,
        0,
        0,
        0,
        null,
        null,
        null,
        null,
        1,
        null,
        null,
        null,
        1,
        0,
        0,
        0,
        null,
        null,
        1,
        0,
        null,
        null,
        1,
        0,
        0,
        0,
        0,
        null,
        null,
        1,
        0,
        0,
        0,
        0,
        null,
        null,
        null
      ],
      "/Users/Zhen/Dropbox/TAMU/Courses/CSCE606_Software_Engineering/bdd-tdd-cycle/app/models/movie.rb": [
        1,
        null,
        1,
        null,
        1,
        0,
        null,
        null,
        1,
        0,
        null,
        null,
        null,
        null
      ]
    },
    "timestamp": 1444269282
  },
  "Cucumber Features": {
    "coverage": {
      "/Users/Zhen/Dropbox/TAMU/Courses/CSCE606_Software_Engineering/bdd-tdd-cycle/app/controllers/application_controller.rb": [
        1,
        1,
        null
      ],
      "/Users/Zhen/Dropbox/TAMU/Courses/CSCE606_Software_Engineering/bdd-tdd-cycle/app/helpers/application_helper.rb": [
        1,
        null
      ],
      "/Users/Zhen/Dropbox/TAMU/Courses/CSCE606_Software_Engineering/bdd-tdd-cycle/app/helpers/movies_helper.rb": [
        1,
        null,
        1,
        0,
        null,
        null
      ],
      "/Users/Zhen/Dropbox/TAMU/Courses/CSCE606_Software_Engineering/bdd-tdd-cycle/app/controllers/movies_controller.rb": [
        1,
        null,
        1,
        3,
        3,
        null,
        null,
        null,
        1,
        1,
        1,
        null,
        0,
        null,
        0,
        null,
        1,
        1,
        null,
        1,
        6,
        null,
        null,
        1,
        0,
        0,
        0,
        null,
        null,
        1,
        0,
        0,
        0,
        0,
        null,
        1,
        null,
        null,
        1,
        2,
        2,
        2,
        1,
        1,
        null,
        null,
        null,
        null,
        1,
        null,
        null,
        null,
        1,
        0,
        0,
        0,
        null,
        null,
        1,
        1,
        null,
        null,
        1,
        1,
        1,
        1,
        1,
        null,
        null,
        1,
        0,
        0,
        0,
        0,
        null,
        null,
        null
      ],
      "/Users/Zhen/Dropbox/TAMU/Courses/CSCE606_Software_Engineering/bdd-tdd-cycle/app/models/movie.rb": [
        1,
        null,
        1,
        null,
        1,
        1,
        null,
        null,
        1,
        2,
        null,
        null,
        null,
        null
      ]
    },
    "timestamp": 1444269266
  }
}
